<?xml version="1.0" encoding="UTF-8"?>
<testsuite name="BasicsTest" tests="1" skipped="0" failures="0" errors="0" timestamp="2023-05-11T21:32:37" hostname="qihaichuandeMacBook-Pro.local" time="0.011">
  <properties/>
  <testcase name="testTask2" classname="BasicsTest" time="0.011"/>
  <system-out><![CDATA[]]></system-out>
  <system-err><![CDATA[]]></system-err>
</testsuite>
